The system is: Darwin - 18.6.0 - x86_64
Compiling the C compiler identification source file "CMakeCCompilerId.c" succeeded.
Compiler: /Library/Developer/CommandLineTools/usr/bin/cc 
Build flags: 
Id flags:  

The output was:
0


Compilation of the C compiler identification source "CMakeCCompilerId.c" produced "a.out"

The C compiler identification is AppleClang, found in "/Users/mariapaulacarrero/Downloads/marsyas-master/cmake-build-debug/CMakeFiles/3.10.3/CompilerIdC/a.out"

Compiling the CXX compiler identification source file "CMakeCXXCompilerId.cpp" succeeded.
Compiler: /Library/Developer/CommandLineTools/usr/bin/c++ 
Build flags: 
Id flags:  

The output was:
0


Compilation of the CXX compiler identification source "CMakeCXXCompilerId.cpp" produced "a.out"

The CXX compiler identification is AppleClang, found in "/Users/mariapaulacarrero/Downloads/marsyas-master/cmake-build-debug/CMakeFiles/3.10.3/CompilerIdCXX/a.out"

Determining if the C compiler works passed with the following output:
Change Dir: /Users/mariapaulacarrero/Downloads/marsyas-master/cmake-build-debug/CMakeFiles/CMakeTmp

Run Build Command:"/usr/bin/make" "cmTC_c6485/fast"
/Library/Developer/CommandLineTools/usr/bin/make -f CMakeFiles/cmTC_c6485.dir/build.make CMakeFiles/cmTC_c6485.dir/build
Building C object CMakeFiles/cmTC_c6485.dir/testCCompiler.c.o
/Library/Developer/CommandLineTools/usr/bin/cc   -isysroot /Library/Developer/CommandLineTools/SDKs/MacOSX10.14.sdk   -o CMakeFiles/cmTC_c6485.dir/testCCompiler.c.o   -c /Users/mariapaulacarrero/Downloads/marsyas-master/cmake-build-debug/CMakeFiles/CMakeTmp/testCCompiler.c
Linking C executable cmTC_c6485
/Applications/CLion.app/Contents/bin/cmake/bin/cmake -E cmake_link_script CMakeFiles/cmTC_c6485.dir/link.txt --verbose=1
/Library/Developer/CommandLineTools/usr/bin/cc   -isysroot /Library/Developer/CommandLineTools/SDKs/MacOSX10.14.sdk -Wl,-search_paths_first -Wl,-headerpad_max_install_names   CMakeFiles/cmTC_c6485.dir/testCCompiler.c.o  -o cmTC_c6485 


Detecting C compiler ABI info compiled with the following output:
Change Dir: /Users/mariapaulacarrero/Downloads/marsyas-master/cmake-build-debug/CMakeFiles/CMakeTmp

Run Build Command:"/usr/bin/make" "cmTC_14617/fast"
/Library/Developer/CommandLineTools/usr/bin/make -f CMakeFiles/cmTC_14617.dir/build.make CMakeFiles/cmTC_14617.dir/build
Building C object CMakeFiles/cmTC_14617.dir/CMakeCCompilerABI.c.o
/Library/Developer/CommandLineTools/usr/bin/cc   -isysroot /Library/Developer/CommandLineTools/SDKs/MacOSX10.14.sdk   -o CMakeFiles/cmTC_14617.dir/CMakeCCompilerABI.c.o   -c /Applications/CLion.app/Contents/bin/cmake/share/cmake-3.10/Modules/CMakeCCompilerABI.c
Linking C executable cmTC_14617
/Applications/CLion.app/Contents/bin/cmake/bin/cmake -E cmake_link_script CMakeFiles/cmTC_14617.dir/link.txt --verbose=1
/Library/Developer/CommandLineTools/usr/bin/cc   -isysroot /Library/Developer/CommandLineTools/SDKs/MacOSX10.14.sdk -Wl,-search_paths_first -Wl,-headerpad_max_install_names  -v -Wl,-v CMakeFiles/cmTC_14617.dir/CMakeCCompilerABI.c.o  -o cmTC_14617 
Apple LLVM version 10.0.1 (clang-1001.0.46.4)
Target: x86_64-apple-darwin18.6.0
Thread model: posix
InstalledDir: /Library/Developer/CommandLineTools/usr/bin
 "/Library/Developer/CommandLineTools/usr/bin/ld" -demangle -lto_library /Library/Developer/CommandLineTools/usr/lib/libLTO.dylib -dynamic -arch x86_64 -macosx_version_min 10.14.0 -syslibroot /Library/Developer/CommandLineTools/SDKs/MacOSX10.14.sdk -o cmTC_14617 -search_paths_first -headerpad_max_install_names -v CMakeFiles/cmTC_14617.dir/CMakeCCompilerABI.c.o -lSystem /Library/Developer/CommandLineTools/usr/lib/clang/10.0.1/lib/darwin/libclang_rt.osx.a
@(#)PROGRAM:ld  PROJECT:ld64-450.3
BUILD 18:16:53 Apr  5 2019
configured to support archs: armv6 armv7 armv7s arm64 arm64e arm64_32 i386 x86_64 x86_64h armv6m armv7k armv7m armv7em
Library search paths:
	/Library/Developer/CommandLineTools/SDKs/MacOSX10.14.sdk/usr/lib
Framework search paths:
	/Library/Developer/CommandLineTools/SDKs/MacOSX10.14.sdk/System/Library/Frameworks/


Parsed C implicit link information from above output:
  link line regex: [^( *|.*[/\])(ld|CMAKE_LINK_STARTFILE-NOTFOUND|([^/\]+-)?ld|collect2)[^/\]*( |$)]
  ignore line: [Change Dir: /Users/mariapaulacarrero/Downloads/marsyas-master/cmake-build-debug/CMakeFiles/CMakeTmp]
  ignore line: []
  ignore line: [Run Build Command:"/usr/bin/make" "cmTC_14617/fast"]
  ignore line: [/Library/Developer/CommandLineTools/usr/bin/make -f CMakeFiles/cmTC_14617.dir/build.make CMakeFiles/cmTC_14617.dir/build]
  ignore line: [Building C object CMakeFiles/cmTC_14617.dir/CMakeCCompilerABI.c.o]
  ignore line: [/Library/Developer/CommandLineTools/usr/bin/cc   -isysroot /Library/Developer/CommandLineTools/SDKs/MacOSX10.14.sdk   -o CMakeFiles/cmTC_14617.dir/CMakeCCompilerABI.c.o   -c /Applications/CLion.app/Contents/bin/cmake/share/cmake-3.10/Modules/CMakeCCompilerABI.c]
  ignore line: [Linking C executable cmTC_14617]
  ignore line: [/Applications/CLion.app/Contents/bin/cmake/bin/cmake -E cmake_link_script CMakeFiles/cmTC_14617.dir/link.txt --verbose=1]
  ignore line: [/Library/Developer/CommandLineTools/usr/bin/cc   -isysroot /Library/Developer/CommandLineTools/SDKs/MacOSX10.14.sdk -Wl,-search_paths_first -Wl,-headerpad_max_install_names  -v -Wl,-v CMakeFiles/cmTC_14617.dir/CMakeCCompilerABI.c.o  -o cmTC_14617 ]
  ignore line: [Apple LLVM version 10.0.1 (clang-1001.0.46.4)]
  ignore line: [Target: x86_64-apple-darwin18.6.0]
  ignore line: [Thread model: posix]
  ignore line: [InstalledDir: /Library/Developer/CommandLineTools/usr/bin]
  link line: [ "/Library/Developer/CommandLineTools/usr/bin/ld" -demangle -lto_library /Library/Developer/CommandLineTools/usr/lib/libLTO.dylib -dynamic -arch x86_64 -macosx_version_min 10.14.0 -syslibroot /Library/Developer/CommandLineTools/SDKs/MacOSX10.14.sdk -o cmTC_14617 -search_paths_first -headerpad_max_install_names -v CMakeFiles/cmTC_14617.dir/CMakeCCompilerABI.c.o -lSystem /Library/Developer/CommandLineTools/usr/lib/clang/10.0.1/lib/darwin/libclang_rt.osx.a]
    arg [/Library/Developer/CommandLineTools/usr/bin/ld] ==> ignore
    arg [-demangle] ==> ignore
    arg [-lto_library] ==> ignore, skip following value
    arg [/Library/Developer/CommandLineTools/usr/lib/libLTO.dylib] ==> skip value of -lto_library
    arg [-dynamic] ==> ignore
    arg [-arch] ==> ignore
    arg [x86_64] ==> ignore
    arg [-macosx_version_min] ==> ignore
    arg [10.14.0] ==> ignore
    arg [-syslibroot] ==> ignore
    arg [/Library/Developer/CommandLineTools/SDKs/MacOSX10.14.sdk] ==> ignore
    arg [-o] ==> ignore
    arg [cmTC_14617] ==> ignore
    arg [-search_paths_first] ==> ignore
    arg [-headerpad_max_install_names] ==> ignore
    arg [-v] ==> ignore
    arg [CMakeFiles/cmTC_14617.dir/CMakeCCompilerABI.c.o] ==> ignore
    arg [-lSystem] ==> lib [System]
    arg [/Library/Developer/CommandLineTools/usr/lib/clang/10.0.1/lib/darwin/libclang_rt.osx.a] ==> lib [/Library/Developer/CommandLineTools/usr/lib/clang/10.0.1/lib/darwin/libclang_rt.osx.a]
  Library search paths: [;/Library/Developer/CommandLineTools/SDKs/MacOSX10.14.sdk/usr/lib]
  Framework search paths: [;/Library/Developer/CommandLineTools/SDKs/MacOSX10.14.sdk/System/Library/Frameworks/]
  remove lib [System]
  remove lib [/Library/Developer/CommandLineTools/usr/lib/clang/10.0.1/lib/darwin/libclang_rt.osx.a]
  collapse library dir [/Library/Developer/CommandLineTools/SDKs/MacOSX10.14.sdk/usr/lib] ==> [/Library/Developer/CommandLineTools/SDKs/MacOSX10.14.sdk/usr/lib]
  collapse framework dir [/Library/Developer/CommandLineTools/SDKs/MacOSX10.14.sdk/System/Library/Frameworks/] ==> [/Library/Developer/CommandLineTools/SDKs/MacOSX10.14.sdk/System/Library/Frameworks]
  implicit libs: []
  implicit dirs: [/Library/Developer/CommandLineTools/SDKs/MacOSX10.14.sdk/usr/lib]
  implicit fwks: [/Library/Developer/CommandLineTools/SDKs/MacOSX10.14.sdk/System/Library/Frameworks]




Detecting C [-std=c11] compiler features compiled with the following output:
Change Dir: /Users/mariapaulacarrero/Downloads/marsyas-master/cmake-build-debug/CMakeFiles/CMakeTmp

Run Build Command:"/usr/bin/make" "cmTC_b5bed/fast"
/Library/Developer/CommandLineTools/usr/bin/make -f CMakeFiles/cmTC_b5bed.dir/build.make CMakeFiles/cmTC_b5bed.dir/build
Building C object CMakeFiles/cmTC_b5bed.dir/feature_tests.c.o
/Library/Developer/CommandLineTools/usr/bin/cc   -isysroot /Library/Developer/CommandLineTools/SDKs/MacOSX10.14.sdk   -std=c11 -o CMakeFiles/cmTC_b5bed.dir/feature_tests.c.o   -c /Users/mariapaulacarrero/Downloads/marsyas-master/cmake-build-debug/CMakeFiles/feature_tests.c
Linking C executable cmTC_b5bed
/Applications/CLion.app/Contents/bin/cmake/bin/cmake -E cmake_link_script CMakeFiles/cmTC_b5bed.dir/link.txt --verbose=1
/Library/Developer/CommandLineTools/usr/bin/cc   -isysroot /Library/Developer/CommandLineTools/SDKs/MacOSX10.14.sdk -Wl,-search_paths_first -Wl,-headerpad_max_install_names   CMakeFiles/cmTC_b5bed.dir/feature_tests.c.o  -o cmTC_b5bed 


    Feature record: C_FEATURE:1c_function_prototypes
    Feature record: C_FEATURE:1c_restrict
    Feature record: C_FEATURE:1c_static_assert
    Feature record: C_FEATURE:1c_variadic_macros


Detecting C [-std=c99] compiler features compiled with the following output:
Change Dir: /Users/mariapaulacarrero/Downloads/marsyas-master/cmake-build-debug/CMakeFiles/CMakeTmp

Run Build Command:"/usr/bin/make" "cmTC_81cda/fast"
/Library/Developer/CommandLineTools/usr/bin/make -f CMakeFiles/cmTC_81cda.dir/build.make CMakeFiles/cmTC_81cda.dir/build
Building C object CMakeFiles/cmTC_81cda.dir/feature_tests.c.o
/Library/Developer/CommandLineTools/usr/bin/cc   -isysroot /Library/Developer/CommandLineTools/SDKs/MacOSX10.14.sdk   -std=c99 -o CMakeFiles/cmTC_81cda.dir/feature_tests.c.o   -c /Users/mariapaulacarrero/Downloads/marsyas-master/cmake-build-debug/CMakeFiles/feature_tests.c
Linking C executable cmTC_81cda
/Applications/CLion.app/Contents/bin/cmake/bin/cmake -E cmake_link_script CMakeFiles/cmTC_81cda.dir/link.txt --verbose=1
/Library/Developer/CommandLineTools/usr/bin/cc   -isysroot /Library/Developer/CommandLineTools/SDKs/MacOSX10.14.sdk -Wl,-search_paths_first -Wl,-headerpad_max_install_names   CMakeFiles/cmTC_81cda.dir/feature_tests.c.o  -o cmTC_81cda 


    Feature record: C_FEATURE:1c_function_prototypes
    Feature record: C_FEATURE:1c_restrict
    Feature record: C_FEATURE:0c_static_assert
    Feature record: C_FEATURE:1c_variadic_macros


Detecting C [-std=c90] compiler features compiled with the following output:
Change Dir: /Users/mariapaulacarrero/Downloads/marsyas-master/cmake-build-debug/CMakeFiles/CMakeTmp

Run Build Command:"/usr/bin/make" "cmTC_b60a3/fast"
/Library/Developer/CommandLineTools/usr/bin/make -f CMakeFiles/cmTC_b60a3.dir/build.make CMakeFiles/cmTC_b60a3.dir/build
Building C object CMakeFiles/cmTC_b60a3.dir/feature_tests.c.o
/Library/Developer/CommandLineTools/usr/bin/cc   -isysroot /Library/Developer/CommandLineTools/SDKs/MacOSX10.14.sdk   -std=c90 -o CMakeFiles/cmTC_b60a3.dir/feature_tests.c.o   -c /Users/mariapaulacarrero/Downloads/marsyas-master/cmake-build-debug/CMakeFiles/feature_tests.c
Linking C executable cmTC_b60a3
/Applications/CLion.app/Contents/bin/cmake/bin/cmake -E cmake_link_script CMakeFiles/cmTC_b60a3.dir/link.txt --verbose=1
/Library/Developer/CommandLineTools/usr/bin/cc   -isysroot /Library/Developer/CommandLineTools/SDKs/MacOSX10.14.sdk -Wl,-search_paths_first -Wl,-headerpad_max_install_names   CMakeFiles/cmTC_b60a3.dir/feature_tests.c.o  -o cmTC_b60a3 


    Feature record: C_FEATURE:1c_function_prototypes
    Feature record: C_FEATURE:0c_restrict
    Feature record: C_FEATURE:0c_static_assert
    Feature record: C_FEATURE:0c_variadic_macros
Determining if the CXX compiler works passed with the following output:
Change Dir: /Users/mariapaulacarrero/Downloads/marsyas-master/cmake-build-debug/CMakeFiles/CMakeTmp

Run Build Command:"/usr/bin/make" "cmTC_d8310/fast"
/Library/Developer/CommandLineTools/usr/bin/make -f CMakeFiles/cmTC_d8310.dir/build.make CMakeFiles/cmTC_d8310.dir/build
Building CXX object CMakeFiles/cmTC_d8310.dir/testCXXCompiler.cxx.o
/Library/Developer/CommandLineTools/usr/bin/c++    -isysroot /Library/Developer/CommandLineTools/SDKs/MacOSX10.14.sdk   -o CMakeFiles/cmTC_d8310.dir/testCXXCompiler.cxx.o -c /Users/mariapaulacarrero/Downloads/marsyas-master/cmake-build-debug/CMakeFiles/CMakeTmp/testCXXCompiler.cxx
Linking CXX executable cmTC_d8310
/Applications/CLion.app/Contents/bin/cmake/bin/cmake -E cmake_link_script CMakeFiles/cmTC_d8310.dir/link.txt --verbose=1
/Library/Developer/CommandLineTools/usr/bin/c++    -isysroot /Library/Developer/CommandLineTools/SDKs/MacOSX10.14.sdk -Wl,-search_paths_first -Wl,-headerpad_max_install_names   CMakeFiles/cmTC_d8310.dir/testCXXCompiler.cxx.o  -o cmTC_d8310 


Detecting CXX compiler ABI info compiled with the following output:
Change Dir: /Users/mariapaulacarrero/Downloads/marsyas-master/cmake-build-debug/CMakeFiles/CMakeTmp

Run Build Command:"/usr/bin/make" "cmTC_d4204/fast"
/Library/Developer/CommandLineTools/usr/bin/make -f CMakeFiles/cmTC_d4204.dir/build.make CMakeFiles/cmTC_d4204.dir/build
Building CXX object CMakeFiles/cmTC_d4204.dir/CMakeCXXCompilerABI.cpp.o
/Library/Developer/CommandLineTools/usr/bin/c++    -isysroot /Library/Developer/CommandLineTools/SDKs/MacOSX10.14.sdk   -o CMakeFiles/cmTC_d4204.dir/CMakeCXXCompilerABI.cpp.o -c /Applications/CLion.app/Contents/bin/cmake/share/cmake-3.10/Modules/CMakeCXXCompilerABI.cpp
Linking CXX executable cmTC_d4204
/Applications/CLion.app/Contents/bin/cmake/bin/cmake -E cmake_link_script CMakeFiles/cmTC_d4204.dir/link.txt --verbose=1
/Library/Developer/CommandLineTools/usr/bin/c++    -isysroot /Library/Developer/CommandLineTools/SDKs/MacOSX10.14.sdk -Wl,-search_paths_first -Wl,-headerpad_max_install_names  -v -Wl,-v CMakeFiles/cmTC_d4204.dir/CMakeCXXCompilerABI.cpp.o  -o cmTC_d4204 
Apple LLVM version 10.0.1 (clang-1001.0.46.4)
Target: x86_64-apple-darwin18.6.0
Thread model: posix
InstalledDir: /Library/Developer/CommandLineTools/usr/bin
 "/Library/Developer/CommandLineTools/usr/bin/ld" -demangle -lto_library /Library/Developer/CommandLineTools/usr/lib/libLTO.dylib -dynamic -arch x86_64 -macosx_version_min 10.14.0 -syslibroot /Library/Developer/CommandLineTools/SDKs/MacOSX10.14.sdk -o cmTC_d4204 -search_paths_first -headerpad_max_install_names -v CMakeFiles/cmTC_d4204.dir/CMakeCXXCompilerABI.cpp.o -lc++ -lSystem /Library/Developer/CommandLineTools/usr/lib/clang/10.0.1/lib/darwin/libclang_rt.osx.a
@(#)PROGRAM:ld  PROJECT:ld64-450.3
BUILD 18:16:53 Apr  5 2019
configured to support archs: armv6 armv7 armv7s arm64 arm64e arm64_32 i386 x86_64 x86_64h armv6m armv7k armv7m armv7em
Library search paths:
	/Library/Developer/CommandLineTools/SDKs/MacOSX10.14.sdk/usr/lib
Framework search paths:
	/Library/Developer/CommandLineTools/SDKs/MacOSX10.14.sdk/System/Library/Frameworks/


Parsed CXX implicit link information from above output:
  link line regex: [^( *|.*[/\])(ld|CMAKE_LINK_STARTFILE-NOTFOUND|([^/\]+-)?ld|collect2)[^/\]*( |$)]
  ignore line: [Change Dir: /Users/mariapaulacarrero/Downloads/marsyas-master/cmake-build-debug/CMakeFiles/CMakeTmp]
  ignore line: []
  ignore line: [Run Build Command:"/usr/bin/make" "cmTC_d4204/fast"]
  ignore line: [/Library/Developer/CommandLineTools/usr/bin/make -f CMakeFiles/cmTC_d4204.dir/build.make CMakeFiles/cmTC_d4204.dir/build]
  ignore line: [Building CXX object CMakeFiles/cmTC_d4204.dir/CMakeCXXCompilerABI.cpp.o]
  ignore line: [/Library/Developer/CommandLineTools/usr/bin/c++    -isysroot /Library/Developer/CommandLineTools/SDKs/MacOSX10.14.sdk   -o CMakeFiles/cmTC_d4204.dir/CMakeCXXCompilerABI.cpp.o -c /Applications/CLion.app/Contents/bin/cmake/share/cmake-3.10/Modules/CMakeCXXCompilerABI.cpp]
  ignore line: [Linking CXX executable cmTC_d4204]
  ignore line: [/Applications/CLion.app/Contents/bin/cmake/bin/cmake -E cmake_link_script CMakeFiles/cmTC_d4204.dir/link.txt --verbose=1]
  ignore line: [/Library/Developer/CommandLineTools/usr/bin/c++    -isysroot /Library/Developer/CommandLineTools/SDKs/MacOSX10.14.sdk -Wl,-search_paths_first -Wl,-headerpad_max_install_names  -v -Wl,-v CMakeFiles/cmTC_d4204.dir/CMakeCXXCompilerABI.cpp.o  -o cmTC_d4204 ]
  ignore line: [Apple LLVM version 10.0.1 (clang-1001.0.46.4)]
  ignore line: [Target: x86_64-apple-darwin18.6.0]
  ignore line: [Thread model: posix]
  ignore line: [InstalledDir: /Library/Developer/CommandLineTools/usr/bin]
  link line: [ "/Library/Developer/CommandLineTools/usr/bin/ld" -demangle -lto_library /Library/Developer/CommandLineTools/usr/lib/libLTO.dylib -dynamic -arch x86_64 -macosx_version_min 10.14.0 -syslibroot /Library/Developer/CommandLineTools/SDKs/MacOSX10.14.sdk -o cmTC_d4204 -search_paths_first -headerpad_max_install_names -v CMakeFiles/cmTC_d4204.dir/CMakeCXXCompilerABI.cpp.o -lc++ -lSystem /Library/Developer/CommandLineTools/usr/lib/clang/10.0.1/lib/darwin/libclang_rt.osx.a]
    arg [/Library/Developer/CommandLineTools/usr/bin/ld] ==> ignore
    arg [-demangle] ==> ignore
    arg [-lto_library] ==> ignore, skip following value
    arg [/Library/Developer/CommandLineTools/usr/lib/libLTO.dylib] ==> skip value of -lto_library
    arg [-dynamic] ==> ignore
    arg [-arch] ==> ignore
    arg [x86_64] ==> ignore
    arg [-macosx_version_min] ==> ignore
    arg [10.14.0] ==> ignore
    arg [-syslibroot] ==> ignore
    arg [/Library/Developer/CommandLineTools/SDKs/MacOSX10.14.sdk] ==> ignore
    arg [-o] ==> ignore
    arg [cmTC_d4204] ==> ignore
    arg [-search_paths_first] ==> ignore
    arg [-headerpad_max_install_names] ==> ignore
    arg [-v] ==> ignore
    arg [CMakeFiles/cmTC_d4204.dir/CMakeCXXCompilerABI.cpp.o] ==> ignore
    arg [-lc++] ==> lib [c++]
    arg [-lSystem] ==> lib [System]
    arg [/Library/Developer/CommandLineTools/usr/lib/clang/10.0.1/lib/darwin/libclang_rt.osx.a] ==> lib [/Library/Developer/CommandLineTools/usr/lib/clang/10.0.1/lib/darwin/libclang_rt.osx.a]
  Library search paths: [;/Library/Developer/CommandLineTools/SDKs/MacOSX10.14.sdk/usr/lib]
  Framework search paths: [;/Library/Developer/CommandLineTools/SDKs/MacOSX10.14.sdk/System/Library/Frameworks/]
  remove lib [System]
  remove lib [/Library/Developer/CommandLineTools/usr/lib/clang/10.0.1/lib/darwin/libclang_rt.osx.a]
  collapse library dir [/Library/Developer/CommandLineTools/SDKs/MacOSX10.14.sdk/usr/lib] ==> [/Library/Developer/CommandLineTools/SDKs/MacOSX10.14.sdk/usr/lib]
  collapse framework dir [/Library/Developer/CommandLineTools/SDKs/MacOSX10.14.sdk/System/Library/Frameworks/] ==> [/Library/Developer/CommandLineTools/SDKs/MacOSX10.14.sdk/System/Library/Frameworks]
  implicit libs: [c++]
  implicit dirs: [/Library/Developer/CommandLineTools/SDKs/MacOSX10.14.sdk/usr/lib]
  implicit fwks: [/Library/Developer/CommandLineTools/SDKs/MacOSX10.14.sdk/System/Library/Frameworks]




Detecting CXX [-std=c++1z] compiler features compiled with the following output:
Change Dir: /Users/mariapaulacarrero/Downloads/marsyas-master/cmake-build-debug/CMakeFiles/CMakeTmp

Run Build Command:"/usr/bin/make" "cmTC_23065/fast"
/Library/Developer/CommandLineTools/usr/bin/make -f CMakeFiles/cmTC_23065.dir/build.make CMakeFiles/cmTC_23065.dir/build
Building CXX object CMakeFiles/cmTC_23065.dir/feature_tests.cxx.o
/Library/Developer/CommandLineTools/usr/bin/c++    -isysroot /Library/Developer/CommandLineTools/SDKs/MacOSX10.14.sdk   -std=c++1z -o CMakeFiles/cmTC_23065.dir/feature_tests.cxx.o -c /Users/mariapaulacarrero/Downloads/marsyas-master/cmake-build-debug/CMakeFiles/feature_tests.cxx
Linking CXX executable cmTC_23065
/Applications/CLion.app/Contents/bin/cmake/bin/cmake -E cmake_link_script CMakeFiles/cmTC_23065.dir/link.txt --verbose=1
/Library/Developer/CommandLineTools/usr/bin/c++    -isysroot /Library/Developer/CommandLineTools/SDKs/MacOSX10.14.sdk -Wl,-search_paths_first -Wl,-headerpad_max_install_names   CMakeFiles/cmTC_23065.dir/feature_tests.cxx.o  -o cmTC_23065 


    Feature record: CXX_FEATURE:1cxx_aggregate_default_initializers
    Feature record: CXX_FEATURE:1cxx_alias_templates
    Feature record: CXX_FEATURE:1cxx_alignas
    Feature record: CXX_FEATURE:1cxx_alignof
    Feature record: CXX_FEATURE:1cxx_attributes
    Feature record: CXX_FEATURE:1cxx_attribute_deprecated
    Feature record: CXX_FEATURE:1cxx_auto_type
    Feature record: CXX_FEATURE:1cxx_binary_literals
    Feature record: CXX_FEATURE:1cxx_constexpr
    Feature record: CXX_FEATURE:1cxx_contextual_conversions
    Feature record: CXX_FEATURE:1cxx_decltype
    Feature record: CXX_FEATURE:1cxx_decltype_auto
    Feature record: CXX_FEATURE:1cxx_decltype_incomplete_return_types
    Feature record: CXX_FEATURE:1cxx_default_function_template_args
    Feature record: CXX_FEATURE:1cxx_defaulted_functions
    Feature record: CXX_FEATURE:1cxx_defaulted_move_initializers
    Feature record: CXX_FEATURE:1cxx_delegating_constructors
    Feature record: CXX_FEATURE:1cxx_deleted_functions
    Feature record: CXX_FEATURE:1cxx_digit_separators
    Feature record: CXX_FEATURE:1cxx_enum_forward_declarations
    Feature record: CXX_FEATURE:1cxx_explicit_conversions
    Feature record: CXX_FEATURE:1cxx_extended_friend_declarations
    Feature record: CXX_FEATURE:1cxx_extern_templates
    Feature record: CXX_FEATURE:1cxx_final
    Feature record: CXX_FEATURE:1cxx_func_identifier
    Feature record: CXX_FEATURE:1cxx_generalized_initializers
    Feature record: CXX_FEATURE:1cxx_generic_lambdas
    Feature record: CXX_FEATURE:1cxx_inheriting_constructors
    Feature record: CXX_FEATURE:1cxx_inline_namespaces
    Feature record: CXX_FEATURE:1cxx_lambdas
    Feature record: CXX_FEATURE:1cxx_lambda_init_captures
    Feature record: CXX_FEATURE:1cxx_local_type_template_args
    Feature record: CXX_FEATURE:1cxx_long_long_type
    Feature record: CXX_FEATURE:1cxx_noexcept
    Feature record: CXX_FEATURE:1cxx_nonstatic_member_init
    Feature record: CXX_FEATURE:1cxx_nullptr
    Feature record: CXX_FEATURE:1cxx_override
    Feature record: CXX_FEATURE:1cxx_range_for
    Feature record: CXX_FEATURE:1cxx_raw_string_literals
    Feature record: CXX_FEATURE:1cxx_reference_qualified_functions
    Feature record: CXX_FEATURE:1cxx_relaxed_constexpr
    Feature record: CXX_FEATURE:1cxx_return_type_deduction
    Feature record: CXX_FEATURE:1cxx_right_angle_brackets
    Feature record: CXX_FEATURE:1cxx_rvalue_references
    Feature record: CXX_FEATURE:1cxx_sizeof_member
    Feature record: CXX_FEATURE:1cxx_static_assert
    Feature record: CXX_FEATURE:1cxx_strong_enums
    Feature record: CXX_FEATURE:1cxx_template_template_parameters
    Feature record: CXX_FEATURE:1cxx_thread_local
    Feature record: CXX_FEATURE:1cxx_trailing_return_types
    Feature record: CXX_FEATURE:1cxx_unicode_literals
    Feature record: CXX_FEATURE:1cxx_uniform_initialization
    Feature record: CXX_FEATURE:1cxx_unrestricted_unions
    Feature record: CXX_FEATURE:1cxx_user_literals
    Feature record: CXX_FEATURE:1cxx_variable_templates
    Feature record: CXX_FEATURE:1cxx_variadic_macros
    Feature record: CXX_FEATURE:1cxx_variadic_templates


Detecting CXX [-std=c++14] compiler features compiled with the following output:
Change Dir: /Users/mariapaulacarrero/Downloads/marsyas-master/cmake-build-debug/CMakeFiles/CMakeTmp

Run Build Command:"/usr/bin/make" "cmTC_bc882/fast"
/Library/Developer/CommandLineTools/usr/bin/make -f CMakeFiles/cmTC_bc882.dir/build.make CMakeFiles/cmTC_bc882.dir/build
Building CXX object CMakeFiles/cmTC_bc882.dir/feature_tests.cxx.o
/Library/Developer/CommandLineTools/usr/bin/c++    -isysroot /Library/Developer/CommandLineTools/SDKs/MacOSX10.14.sdk   -std=c++14 -o CMakeFiles/cmTC_bc882.dir/feature_tests.cxx.o -c /Users/mariapaulacarrero/Downloads/marsyas-master/cmake-build-debug/CMakeFiles/feature_tests.cxx
Linking CXX executable cmTC_bc882
/Applications/CLion.app/Contents/bin/cmake/bin/cmake -E cmake_link_script CMakeFiles/cmTC_bc882.dir/link.txt --verbose=1
/Library/Developer/CommandLineTools/usr/bin/c++    -isysroot /Library/Developer/CommandLineTools/SDKs/MacOSX10.14.sdk -Wl,-search_paths_first -Wl,-headerpad_max_install_names   CMakeFiles/cmTC_bc882.dir/feature_tests.cxx.o  -o cmTC_bc882 


    Feature record: CXX_FEATURE:1cxx_aggregate_default_initializers
    Feature record: CXX_FEATURE:1cxx_alias_templates
    Feature record: CXX_FEATURE:1cxx_alignas
    Feature record: CXX_FEATURE:1cxx_alignof
    Feature record: CXX_FEATURE:1cxx_attributes
    Feature record: CXX_FEATURE:1cxx_attribute_deprecated
    Feature record: CXX_FEATURE:1cxx_auto_type
    Feature record: CXX_FEATURE:1cxx_binary_literals
    Feature record: CXX_FEATURE:1cxx_constexpr
    Feature record: CXX_FEATURE:1cxx_contextual_conversions
    Feature record: CXX_FEATURE:1cxx_decltype
    Feature record: CXX_FEATURE:1cxx_decltype_auto
    Feature record: CXX_FEATURE:1cxx_decltype_incomplete_return_types
    Feature record: CXX_FEATURE:1cxx_default_function_template_args
    Feature record: CXX_FEATURE:1cxx_defaulted_functions
    Feature record: CXX_FEATURE:1cxx_defaulted_move_initializers
    Feature record: CXX_FEATURE:1cxx_delegating_constructors
    Feature record: CXX_FEATURE:1cxx_deleted_functions
    Feature record: CXX_FEATURE:1cxx_digit_separators
    Feature record: CXX_FEATURE:1cxx_enum_forward_declarations
    Feature record: CXX_FEATURE:1cxx_explicit_conversions
    Feature record: CXX_FEATURE:1cxx_extended_friend_declarations
    Feature record: CXX_FEATURE:1cxx_extern_templates
    Feature record: CXX_FEATURE:1cxx_final
    Feature record: CXX_FEATURE:1cxx_func_identifier
    Feature record: CXX_FEATURE:1cxx_generalized_initializers
    Feature record: CXX_FEATURE:1cxx_generic_lambdas
    Feature record: CXX_FEATURE:1cxx_inheriting_constructors
    Feature record: CXX_FEATURE:1cxx_inline_namespaces
    Feature record: CXX_FEATURE:1cxx_lambdas
    Feature record: CXX_FEATURE:1cxx_lambda_init_captures
    Feature record: CXX_FEATURE:1cxx_local_type_template_args
    Feature record: CXX_FEATURE:1cxx_long_long_type
    Feature record: CXX_FEATURE:1cxx_noexcept
    Feature record: CXX_FEATURE:1cxx_nonstatic_member_init
    Feature record: CXX_FEATURE:1cxx_nullptr
    Feature record: CXX_FEATURE:1cxx_override
    Feature record: CXX_FEATURE:1cxx_range_for
    Feature record: CXX_FEATURE:1cxx_raw_string_literals
    Feature record: CXX_FEATURE:1cxx_reference_qualified_functions
    Feature record: CXX_FEATURE:1cxx_relaxed_constexpr
    Feature record: CXX_FEATURE:1cxx_return_type_deduction
    Feature record: CXX_FEATURE:1cxx_right_angle_brackets
    Feature record: CXX_FEATURE:1cxx_rvalue_references
    Feature record: CXX_FEATURE:1cxx_sizeof_member
    Feature record: CXX_FEATURE:1cxx_static_assert
    Feature record: CXX_FEATURE:1cxx_strong_enums
    Feature record: CXX_FEATURE:1cxx_template_template_parameters
    Feature record: CXX_FEATURE:1cxx_thread_local
    Feature record: CXX_FEATURE:1cxx_trailing_return_types
    Feature record: CXX_FEATURE:1cxx_unicode_literals
    Feature record: CXX_FEATURE:1cxx_uniform_initialization
    Feature record: CXX_FEATURE:1cxx_unrestricted_unions
    Feature record: CXX_FEATURE:1cxx_user_literals
    Feature record: CXX_FEATURE:1cxx_variable_templates
    Feature record: CXX_FEATURE:1cxx_variadic_macros
    Feature record: CXX_FEATURE:1cxx_variadic_templates


Detecting CXX [-std=c++11] compiler features compiled with the following output:
Change Dir: /Users/mariapaulacarrero/Downloads/marsyas-master/cmake-build-debug/CMakeFiles/CMakeTmp

Run Build Command:"/usr/bin/make" "cmTC_3cca2/fast"
/Library/Developer/CommandLineTools/usr/bin/make -f CMakeFiles/cmTC_3cca2.dir/build.make CMakeFiles/cmTC_3cca2.dir/build
Building CXX object CMakeFiles/cmTC_3cca2.dir/feature_tests.cxx.o
/Library/Developer/CommandLineTools/usr/bin/c++    -isysroot /Library/Developer/CommandLineTools/SDKs/MacOSX10.14.sdk   -std=c++11 -o CMakeFiles/cmTC_3cca2.dir/feature_tests.cxx.o -c /Users/mariapaulacarrero/Downloads/marsyas-master/cmake-build-debug/CMakeFiles/feature_tests.cxx
Linking CXX executable cmTC_3cca2
/Applications/CLion.app/Contents/bin/cmake/bin/cmake -E cmake_link_script CMakeFiles/cmTC_3cca2.dir/link.txt --verbose=1
/Library/Developer/CommandLineTools/usr/bin/c++    -isysroot /Library/Developer/CommandLineTools/SDKs/MacOSX10.14.sdk -Wl,-search_paths_first -Wl,-headerpad_max_install_names   CMakeFiles/cmTC_3cca2.dir/feature_tests.cxx.o  -o cmTC_3cca2 


    Feature record: CXX_FEATURE:0cxx_aggregate_default_initializers
    Feature record: CXX_FEATURE:1cxx_alias_templates
    Feature record: CXX_FEATURE:1cxx_alignas
    Feature record: CXX_FEATURE:1cxx_alignof
    Feature record: CXX_FEATURE:1cxx_attributes
    Feature record: CXX_FEATURE:0cxx_attribute_deprecated
    Feature record: CXX_FEATURE:1cxx_auto_type
    Feature record: CXX_FEATURE:0cxx_binary_literals
    Feature record: CXX_FEATURE:1cxx_constexpr
    Feature record: CXX_FEATURE:0cxx_contextual_conversions
    Feature record: CXX_FEATURE:1cxx_decltype
    Feature record: CXX_FEATURE:0cxx_decltype_auto
    Feature record: CXX_FEATURE:1cxx_decltype_incomplete_return_types
    Feature record: CXX_FEATURE:1cxx_default_function_template_args
    Feature record: CXX_FEATURE:1cxx_defaulted_functions
    Feature record: CXX_FEATURE:1cxx_defaulted_move_initializers
    Feature record: CXX_FEATURE:1cxx_delegating_constructors
    Feature record: CXX_FEATURE:1cxx_deleted_functions
    Feature record: CXX_FEATURE:0cxx_digit_separators
    Feature record: CXX_FEATURE:1cxx_enum_forward_declarations
    Feature record: CXX_FEATURE:1cxx_explicit_conversions
    Feature record: CXX_FEATURE:1cxx_extended_friend_declarations
    Feature record: CXX_FEATURE:1cxx_extern_templates
    Feature record: CXX_FEATURE:1cxx_final
    Feature record: CXX_FEATURE:1cxx_func_identifier
    Feature record: CXX_FEATURE:1cxx_generalized_initializers
    Feature record: CXX_FEATURE:0cxx_generic_lambdas
    Feature record: CXX_FEATURE:1cxx_inheriting_constructors
    Feature record: CXX_FEATURE:1cxx_inline_namespaces
    Feature record: CXX_FEATURE:1cxx_lambdas
    Feature record: CXX_FEATURE:0cxx_lambda_init_captures
    Feature record: CXX_FEATURE:1cxx_local_type_template_args
    Feature record: CXX_FEATURE:1cxx_long_long_type
    Feature record: CXX_FEATURE:1cxx_noexcept
    Feature record: CXX_FEATURE:1cxx_nonstatic_member_init
    Feature record: CXX_FEATURE:1cxx_nullptr
    Feature record: CXX_FEATURE:1cxx_override
    Feature record: CXX_FEATURE:1cxx_range_for
    Feature record: CXX_FEATURE:1cxx_raw_string_literals
    Feature record: CXX_FEATURE:1cxx_reference_qualified_functions
    Feature record: CXX_FEATURE:0cxx_relaxed_constexpr
    Feature record: CXX_FEATURE:0cxx_return_type_deduction
    Feature record: CXX_FEATURE:1cxx_right_angle_brackets
    Feature record: CXX_FEATURE:1cxx_rvalue_references
    Feature record: CXX_FEATURE:1cxx_sizeof_member
    Feature record: CXX_FEATURE:1cxx_static_assert
    Feature record: CXX_FEATURE:1cxx_strong_enums
    Feature record: CXX_FEATURE:1cxx_template_template_parameters
    Feature record: CXX_FEATURE:1cxx_thread_local
    Feature record: CXX_FEATURE:1cxx_trailing_return_types
    Feature record: CXX_FEATURE:1cxx_unicode_literals
    Feature record: CXX_FEATURE:1cxx_uniform_initialization
    Feature record: CXX_FEATURE:1cxx_unrestricted_unions
    Feature record: CXX_FEATURE:1cxx_user_literals
    Feature record: CXX_FEATURE:0cxx_variable_templates
    Feature record: CXX_FEATURE:1cxx_variadic_macros
    Feature record: CXX_FEATURE:1cxx_variadic_templates


Detecting CXX [-std=c++98] compiler features compiled with the following output:
Change Dir: /Users/mariapaulacarrero/Downloads/marsyas-master/cmake-build-debug/CMakeFiles/CMakeTmp

Run Build Command:"/usr/bin/make" "cmTC_b714e/fast"
/Library/Developer/CommandLineTools/usr/bin/make -f CMakeFiles/cmTC_b714e.dir/build.make CMakeFiles/cmTC_b714e.dir/build
Building CXX object CMakeFiles/cmTC_b714e.dir/feature_tests.cxx.o
/Library/Developer/CommandLineTools/usr/bin/c++    -isysroot /Library/Developer/CommandLineTools/SDKs/MacOSX10.14.sdk   -std=c++98 -o CMakeFiles/cmTC_b714e.dir/feature_tests.cxx.o -c /Users/mariapaulacarrero/Downloads/marsyas-master/cmake-build-debug/CMakeFiles/feature_tests.cxx
Linking CXX executable cmTC_b714e
/Applications/CLion.app/Contents/bin/cmake/bin/cmake -E cmake_link_script CMakeFiles/cmTC_b714e.dir/link.txt --verbose=1
/Library/Developer/CommandLineTools/usr/bin/c++    -isysroot /Library/Developer/CommandLineTools/SDKs/MacOSX10.14.sdk -Wl,-search_paths_first -Wl,-headerpad_max_install_names   CMakeFiles/cmTC_b714e.dir/feature_tests.cxx.o  -o cmTC_b714e 


    Feature record: CXX_FEATURE:0cxx_aggregate_default_initializers
    Feature record: CXX_FEATURE:0cxx_alias_templates
    Feature record: CXX_FEATURE:0cxx_alignas
    Feature record: CXX_FEATURE:0cxx_alignof
    Feature record: CXX_FEATURE:0cxx_attributes
    Feature record: CXX_FEATURE:0cxx_attribute_deprecated
    Feature record: CXX_FEATURE:0cxx_auto_type
    Feature record: CXX_FEATURE:0cxx_binary_literals
    Feature record: CXX_FEATURE:0cxx_constexpr
    Feature record: CXX_FEATURE:0cxx_contextual_conversions
    Feature record: CXX_FEATURE:0cxx_decltype
    Feature record: CXX_FEATURE:0cxx_decltype_auto
    Feature record: CXX_FEATURE:0cxx_decltype_incomplete_return_types
    Feature record: CXX_FEATURE:0cxx_default_function_template_args
    Feature record: CXX_FEATURE:0cxx_defaulted_functions
    Feature record: CXX_FEATURE:0cxx_defaulted_move_initializers
    Feature record: CXX_FEATURE:0cxx_delegating_constructors
    Feature record: CXX_FEATURE:0cxx_deleted_functions
    Feature record: CXX_FEATURE:0cxx_digit_separators
    Feature record: CXX_FEATURE:0cxx_enum_forward_declarations
    Feature record: CXX_FEATURE:0cxx_explicit_conversions
    Feature record: CXX_FEATURE:0cxx_extended_friend_declarations
    Feature record: CXX_FEATURE:0cxx_extern_templates
    Feature record: CXX_FEATURE:0cxx_final
    Feature record: CXX_FEATURE:0cxx_func_identifier
    Feature record: CXX_FEATURE:0cxx_generalized_initializers
    Feature record: CXX_FEATURE:0cxx_generic_lambdas
    Feature record: CXX_FEATURE:0cxx_inheriting_constructors
    Feature record: CXX_FEATURE:0cxx_inline_namespaces
    Feature record: CXX_FEATURE:0cxx_lambdas
    Feature record: CXX_FEATURE:0cxx_lambda_init_captures
    Feature record: CXX_FEATURE:0cxx_local_type_template_args
    Feature record: CXX_FEATURE:0cxx_long_long_type
    Feature record: CXX_FEATURE:0cxx_noexcept
    Feature record: CXX_FEATURE:0cxx_nonstatic_member_init
    Feature record: CXX_FEATURE:0cxx_nullptr
    Feature record: CXX_FEATURE:0cxx_override
    Feature record: CXX_FEATURE:0cxx_range_for
    Feature record: CXX_FEATURE:0cxx_raw_string_literals
    Feature record: CXX_FEATURE:0cxx_reference_qualified_functions
    Feature record: CXX_FEATURE:0cxx_relaxed_constexpr
    Feature record: CXX_FEATURE:0cxx_return_type_deduction
    Feature record: CXX_FEATURE:0cxx_right_angle_brackets
    Feature record: CXX_FEATURE:0cxx_rvalue_references
    Feature record: CXX_FEATURE:0cxx_sizeof_member
    Feature record: CXX_FEATURE:0cxx_static_assert
    Feature record: CXX_FEATURE:0cxx_strong_enums
    Feature record: CXX_FEATURE:1cxx_template_template_parameters
    Feature record: CXX_FEATURE:0cxx_thread_local
    Feature record: CXX_FEATURE:0cxx_trailing_return_types
    Feature record: CXX_FEATURE:0cxx_unicode_literals
    Feature record: CXX_FEATURE:0cxx_uniform_initialization
    Feature record: CXX_FEATURE:0cxx_unrestricted_unions
    Feature record: CXX_FEATURE:0cxx_user_literals
    Feature record: CXX_FEATURE:0cxx_variable_templates
    Feature record: CXX_FEATURE:0cxx_variadic_macros
    Feature record: CXX_FEATURE:0cxx_variadic_templates
Determining if the include file sys/types.h exists passed with the following output:
Change Dir: /Users/mariapaulacarrero/Downloads/marsyas-master/cmake-build-debug/CMakeFiles/CMakeTmp

Run Build Command:"/usr/bin/make" "cmTC_603eb/fast"
/Library/Developer/CommandLineTools/usr/bin/make -f CMakeFiles/cmTC_603eb.dir/build.make CMakeFiles/cmTC_603eb.dir/build
Building C object CMakeFiles/cmTC_603eb.dir/CheckIncludeFile.c.o
/Library/Developer/CommandLineTools/usr/bin/cc   -isysroot /Library/Developer/CommandLineTools/SDKs/MacOSX10.14.sdk   -o CMakeFiles/cmTC_603eb.dir/CheckIncludeFile.c.o   -c /Users/mariapaulacarrero/Downloads/marsyas-master/cmake-build-debug/CMakeFiles/CMakeTmp/CheckIncludeFile.c
Linking C executable cmTC_603eb
/Applications/CLion.app/Contents/bin/cmake/bin/cmake -E cmake_link_script CMakeFiles/cmTC_603eb.dir/link.txt --verbose=1
/Library/Developer/CommandLineTools/usr/bin/cc   -isysroot /Library/Developer/CommandLineTools/SDKs/MacOSX10.14.sdk -Wl,-search_paths_first -Wl,-headerpad_max_install_names   CMakeFiles/cmTC_603eb.dir/CheckIncludeFile.c.o  -o cmTC_603eb 


Determining if the include file stdint.h exists passed with the following output:
Change Dir: /Users/mariapaulacarrero/Downloads/marsyas-master/cmake-build-debug/CMakeFiles/CMakeTmp

Run Build Command:"/usr/bin/make" "cmTC_c9930/fast"
/Library/Developer/CommandLineTools/usr/bin/make -f CMakeFiles/cmTC_c9930.dir/build.make CMakeFiles/cmTC_c9930.dir/build
Building C object CMakeFiles/cmTC_c9930.dir/CheckIncludeFile.c.o
/Library/Developer/CommandLineTools/usr/bin/cc   -isysroot /Library/Developer/CommandLineTools/SDKs/MacOSX10.14.sdk   -o CMakeFiles/cmTC_c9930.dir/CheckIncludeFile.c.o   -c /Users/mariapaulacarrero/Downloads/marsyas-master/cmake-build-debug/CMakeFiles/CMakeTmp/CheckIncludeFile.c
Linking C executable cmTC_c9930
/Applications/CLion.app/Contents/bin/cmake/bin/cmake -E cmake_link_script CMakeFiles/cmTC_c9930.dir/link.txt --verbose=1
/Library/Developer/CommandLineTools/usr/bin/cc   -isysroot /Library/Developer/CommandLineTools/SDKs/MacOSX10.14.sdk -Wl,-search_paths_first -Wl,-headerpad_max_install_names   CMakeFiles/cmTC_c9930.dir/CheckIncludeFile.c.o  -o cmTC_c9930 


Determining if the include file stddef.h exists passed with the following output:
Change Dir: /Users/mariapaulacarrero/Downloads/marsyas-master/cmake-build-debug/CMakeFiles/CMakeTmp

Run Build Command:"/usr/bin/make" "cmTC_215a7/fast"
/Library/Developer/CommandLineTools/usr/bin/make -f CMakeFiles/cmTC_215a7.dir/build.make CMakeFiles/cmTC_215a7.dir/build
Building C object CMakeFiles/cmTC_215a7.dir/CheckIncludeFile.c.o
/Library/Developer/CommandLineTools/usr/bin/cc   -isysroot /Library/Developer/CommandLineTools/SDKs/MacOSX10.14.sdk   -o CMakeFiles/cmTC_215a7.dir/CheckIncludeFile.c.o   -c /Users/mariapaulacarrero/Downloads/marsyas-master/cmake-build-debug/CMakeFiles/CMakeTmp/CheckIncludeFile.c
Linking C executable cmTC_215a7
/Applications/CLion.app/Contents/bin/cmake/bin/cmake -E cmake_link_script CMakeFiles/cmTC_215a7.dir/link.txt --verbose=1
/Library/Developer/CommandLineTools/usr/bin/cc   -isysroot /Library/Developer/CommandLineTools/SDKs/MacOSX10.14.sdk -Wl,-search_paths_first -Wl,-headerpad_max_install_names   CMakeFiles/cmTC_215a7.dir/CheckIncludeFile.c.o  -o cmTC_215a7 


Determining size of unsigned short passed with the following output:
Change Dir: /Users/mariapaulacarrero/Downloads/marsyas-master/cmake-build-debug/CMakeFiles/CMakeTmp

Run Build Command:"/usr/bin/make" "cmTC_77b7f/fast"
/Library/Developer/CommandLineTools/usr/bin/make -f CMakeFiles/cmTC_77b7f.dir/build.make CMakeFiles/cmTC_77b7f.dir/build
Building C object CMakeFiles/cmTC_77b7f.dir/CMAKE_SIZEOF_UNSIGNED_SHORT.c.o
/Library/Developer/CommandLineTools/usr/bin/cc   -isysroot /Library/Developer/CommandLineTools/SDKs/MacOSX10.14.sdk   -o CMakeFiles/cmTC_77b7f.dir/CMAKE_SIZEOF_UNSIGNED_SHORT.c.o   -c /Users/mariapaulacarrero/Downloads/marsyas-master/cmake-build-debug/CMakeFiles/CheckTypeSize/CMAKE_SIZEOF_UNSIGNED_SHORT.c
Linking C executable cmTC_77b7f
/Applications/CLion.app/Contents/bin/cmake/bin/cmake -E cmake_link_script CMakeFiles/cmTC_77b7f.dir/link.txt --verbose=1
/Library/Developer/CommandLineTools/usr/bin/cc   -isysroot /Library/Developer/CommandLineTools/SDKs/MacOSX10.14.sdk -Wl,-search_paths_first -Wl,-headerpad_max_install_names   CMakeFiles/cmTC_77b7f.dir/CMAKE_SIZEOF_UNSIGNED_SHORT.c.o  -o cmTC_77b7f 


Determining if the system is big endian passed with the following output:
Change Dir: /Users/mariapaulacarrero/Downloads/marsyas-master/cmake-build-debug/CMakeFiles/CMakeTmp

Run Build Command:"/usr/bin/make" "cmTC_858cc/fast"
/Library/Developer/CommandLineTools/usr/bin/make -f CMakeFiles/cmTC_858cc.dir/build.make CMakeFiles/cmTC_858cc.dir/build
Building C object CMakeFiles/cmTC_858cc.dir/TestEndianess.c.o
/Library/Developer/CommandLineTools/usr/bin/cc   -isysroot /Library/Developer/CommandLineTools/SDKs/MacOSX10.14.sdk   -o CMakeFiles/cmTC_858cc.dir/TestEndianess.c.o   -c /Users/mariapaulacarrero/Downloads/marsyas-master/cmake-build-debug/CMakeFiles/CMakeTmp/TestEndianess.c
Linking C executable cmTC_858cc
/Applications/CLion.app/Contents/bin/cmake/bin/cmake -E cmake_link_script CMakeFiles/cmTC_858cc.dir/link.txt --verbose=1
/Library/Developer/CommandLineTools/usr/bin/cc   -isysroot /Library/Developer/CommandLineTools/SDKs/MacOSX10.14.sdk -Wl,-search_paths_first -Wl,-headerpad_max_install_names   CMakeFiles/cmTC_858cc.dir/TestEndianess.c.o  -o cmTC_858cc 

TestEndianess.c:
/* A 16 bit integer is required. */
typedef unsigned short cmakeint16;

/* On a little endian machine, these 16bit ints will give "THIS IS LITTLE ENDIAN."
   On a big endian machine the characters will be exchanged pairwise. */
const cmakeint16 info_little[] =  {0x4854, 0x5349, 0x4920, 0x2053, 0x494c, 0x5454, 0x454c, 0x4520, 0x444e, 0x4149, 0x2e4e, 0x0000};

/* on a big endian machine, these 16bit ints will give "THIS IS BIG ENDIAN."
   On a little endian machine the characters will be exchanged pairwise. */
const cmakeint16 info_big[] =     {0x5448, 0x4953, 0x2049, 0x5320, 0x4249, 0x4720, 0x454e, 0x4449, 0x414e, 0x2e2e, 0x0000};

#ifdef __CLASSIC_C__
int main(argc, argv) int argc; char *argv[];
#else
int main(int argc, char *argv[])
#endif
{
  int require = 0;
  require += info_little[argc];
  require += info_big[argc];
  (void)argv;
  return require;
}


Determining if the system is big endian passed with the following output:
Change Dir: /Users/mariapaulacarrero/Downloads/marsyas-master/cmake-build-debug/CMakeFiles/CMakeTmp

Run Build Command:"/usr/bin/make" "cmTC_c517c/fast"
/Library/Developer/CommandLineTools/usr/bin/make -f CMakeFiles/cmTC_c517c.dir/build.make CMakeFiles/cmTC_c517c.dir/build
Building C object CMakeFiles/cmTC_c517c.dir/TestEndianess.c.o
/Library/Developer/CommandLineTools/usr/bin/cc   -isysroot /Library/Developer/CommandLineTools/SDKs/MacOSX10.14.sdk   -o CMakeFiles/cmTC_c517c.dir/TestEndianess.c.o   -c /Users/mariapaulacarrero/Downloads/marsyas-master/cmake-build-debug/CMakeFiles/CMakeTmp/TestEndianess.c
Linking C executable cmTC_c517c
/Applications/CLion.app/Contents/bin/cmake/bin/cmake -E cmake_link_script CMakeFiles/cmTC_c517c.dir/link.txt --verbose=1
/Library/Developer/CommandLineTools/usr/bin/cc   -isysroot /Library/Developer/CommandLineTools/SDKs/MacOSX10.14.sdk -Wl,-search_paths_first -Wl,-headerpad_max_install_names   CMakeFiles/cmTC_c517c.dir/TestEndianess.c.o  -o cmTC_c517c 

TestEndianess.c:
/* A 16 bit integer is required. */
typedef unsigned short cmakeint16;

/* On a little endian machine, these 16bit ints will give "THIS IS LITTLE ENDIAN."
   On a big endian machine the characters will be exchanged pairwise. */
const cmakeint16 info_little[] =  {0x4854, 0x5349, 0x4920, 0x2053, 0x494c, 0x5454, 0x454c, 0x4520, 0x444e, 0x4149, 0x2e4e, 0x0000};

/* on a big endian machine, these 16bit ints will give "THIS IS BIG ENDIAN."
   On a little endian machine the characters will be exchanged pairwise. */
const cmakeint16 info_big[] =     {0x5448, 0x4953, 0x2049, 0x5320, 0x4249, 0x4720, 0x454e, 0x4449, 0x414e, 0x2e2e, 0x0000};

#ifdef __CLASSIC_C__
int main(argc, argv) int argc; char *argv[];
#else
int main(int argc, char *argv[])
#endif
{
  int require = 0;
  require += info_little[argc];
  require += info_big[argc];
  (void)argv;
  return require;
}


